[debug] [2017-11-14T07:36:21.577Z] ----------------------------------------------------------------------
[debug] [2017-11-14T07:36:21.580Z] Command:       /Users/admin/.nvm/versions/node/v6.9.1/bin/node /Users/admin/.nvm/versions/node/v6.9.1/bin/firebase deploy
[debug] [2017-11-14T07:36:21.581Z] CLI Version:   3.15.0
[debug] [2017-11-14T07:36:21.581Z] Platform:      darwin
[debug] [2017-11-14T07:36:21.581Z] Node Version:  v6.9.1
[debug] [2017-11-14T07:36:21.581Z] Time:          Tue Nov 14 2017 16:36:21 GMT+0900 (KST)
[debug] [2017-11-14T07:36:21.582Z] ----------------------------------------------------------------------
[debug] 
[debug] [2017-11-14T07:36:21.605Z] > command requires scopes: ["email","openid","https://www.googleapis.com/auth/cloudplatformprojects.readonly","https://www.googleapis.com/auth/firebase","https://www.googleapis.com/auth/cloud-platform"]
[debug] [2017-11-14T07:36:21.605Z] > authorizing via signed-in user
[debug] [2017-11-14T07:36:21.607Z] > refreshing access token with scopes: ["email","https://www.googleapis.com/auth/cloud-platform","https://www.googleapis.com/auth/cloudplatformprojects.readonly","https://www.googleapis.com/auth/firebase","openid"]
[debug] [2017-11-14T07:36:21.608Z] >>> HTTP REQUEST POST https://www.googleapis.com/oauth2/v3/token { refresh_token: '1/EhDC1WDsBcifoNonDVTFFZvod608Ei3w7ajTvWzIbEhoYKdnT32JAVdPOETlc-Gz',
  client_id: '563584335869-fgrhgmd47bqnekij5i8b5pr03ho849e6.apps.googleusercontent.com',
  client_secret: 'j9iVZfS8kkCEFUPaAeJV0sAi',
  grant_type: 'refresh_token',
  scope: 'email https://www.googleapis.com/auth/cloud-platform https://www.googleapis.com/auth/cloudplatformprojects.readonly https://www.googleapis.com/auth/firebase openid' } 
 Tue Nov 14 2017 16:36:21 GMT+0900 (KST)
[debug] [2017-11-14T07:36:22.106Z] <<< HTTP RESPONSE 200
[debug] [2017-11-14T07:36:22.108Z] >>> HTTP REQUEST GET https://admin.firebase.com/v1/projects/stuckyi-website  
 Tue Nov 14 2017 16:36:22 GMT+0900 (KST)
[debug] [2017-11-14T07:36:23.918Z] <<< HTTP RESPONSE 200
[debug] [2017-11-14T07:36:23.919Z] >>> HTTP REQUEST GET https://admin.firebase.com/v1/database/stuckyi-website/tokens  
 Tue Nov 14 2017 16:36:23 GMT+0900 (KST)
[debug] [2017-11-14T07:36:25.200Z] <<< HTTP RESPONSE 200
[info] 
[info] === Deploying to 'stuckyi-website'...
[info] 
[info] i  deploying database, hosting
[info] i  database: checking rules syntax...
[debug] [2017-11-14T07:36:27.502Z] >>> HTTP REQUEST PUT https://stuckyi-website.firebaseio.com/.settings/rules.json?dryRun=true {
  "rules": {
    ".read": "auth != null",
    ".write": "auth != null"
  }
}
 
 Tue Nov 14 2017 16:36:27 GMT+0900 (KST)
[debug] [2017-11-14T07:36:28.902Z] <<< HTTP RESPONSE 200
[info] ✔  database: rules syntax for database stuckyi-website is valid
[info] i  hosting: preparing dist directory for upload...
[debug] [2017-11-14T07:36:37.183Z] >>> HTTP REQUEST PUT https://deploy.firebase.com/v1/hosting/stuckyi-website/uploads/-KytSIiG6gREFkcA9iD7?fileCount=314&message=  
 Tue Nov 14 2017 16:36:37 GMT+0900 (KST)
